<?xml version="1.0" encoding="UTF-8"?>
<testsuite xmlns:xsi="http://www.w3.org/2001/XMLSchema-instance" xsi:noNamespaceSchemaLocation="https://maven.apache.org/surefire/maven-surefire-plugin/xsd/surefire-test-report-3.0.xsd" version="3.0" name="com.example.card.CardApplicationTests" time="10.885" tests="1" errors="0" skipped="0" failures="0">
  <properties>
    <property name="java.specification.version" value="18"/>
    <property name="sun.jnu.encoding" value="UTF-8"/>
    <property name="java.class.path" value="/Users/optimus-prime/Optimus/projects/card/target/test-classes:/Users/optimus-prime/Optimus/projects/card/target/classes:/Users/optimus-prime/.m2/repository/org/springframework/boot/spring-boot-starter-data-jpa/3.1.1-SNAPSHOT/spring-boot-starter-data-jpa-3.1.1-SNAPSHOT.jar:/Users/optimus-prime/.m2/repository/org/springframework/boot/spring-boot-starter-aop/3.1.1-SNAPSHOT/spring-boot-starter-aop-3.1.1-SNAPSHOT.jar:/Users/optimus-prime/.m2/repository/org/aspectj/aspectjweaver/1.9.19/aspectjweaver-1.9.19.jar:/Users/optimus-prime/.m2/repository/org/springframework/boot/spring-boot-starter-jdbc/3.1.1-SNAPSHOT/spring-boot-starter-jdbc-3.1.1-SNAPSHOT.jar:/Users/optimus-prime/.m2/repository/com/zaxxer/HikariCP/5.0.1/HikariCP-5.0.1.jar:/Users/optimus-prime/.m2/repository/org/springframework/spring-jdbc/6.0.10-SNAPSHOT/spring-jdbc-6.0.10-SNAPSHOT.jar:/Users/optimus-prime/.m2/repository/org/hibernate/orm/hibernate-core/6.2.4.Final/hibernate-core-6.2.4.Final.jar:/Users/optimus-prime/.m2/repository/jakarta/persistence/jakarta.persistence-api/3.1.0/jakarta.persistence-api-3.1.0.jar:/Users/optimus-prime/.m2/repository/jakarta/transaction/jakarta.transaction-api/2.0.1/jakarta.transaction-api-2.0.1.jar:/Users/optimus-prime/.m2/repository/org/jboss/logging/jboss-logging/3.5.1.Final/jboss-logging-3.5.1.Final.jar:/Users/optimus-prime/.m2/repository/org/hibernate/common/hibernate-commons-annotations/6.0.6.Final/hibernate-commons-annotations-6.0.6.Final.jar:/Users/optimus-prime/.m2/repository/io/smallrye/jandex/3.0.5/jandex-3.0.5.jar:/Users/optimus-prime/.m2/repository/com/fasterxml/classmate/1.5.1/classmate-1.5.1.jar:/Users/optimus-prime/.m2/repository/net/bytebuddy/byte-buddy/1.14.5/byte-buddy-1.14.5.jar:/Users/optimus-prime/.m2/repository/org/glassfish/jaxb/jaxb-runtime/4.0.3/jaxb-runtime-4.0.3.jar:/Users/optimus-prime/.m2/repository/org/glassfish/jaxb/jaxb-core/4.0.3/jaxb-core-4.0.3.jar:/Users/optimus-prime/.m2/repository/org/eclipse/angus/angus-activation/2.0.1/angus-activation-2.0.1.jar:/Users/optimus-prime/.m2/repository/org/glassfish/jaxb/txw2/4.0.3/txw2-4.0.3.jar:/Users/optimus-prime/.m2/repository/com/sun/istack/istack-commons-runtime/4.1.2/istack-commons-runtime-4.1.2.jar:/Users/optimus-prime/.m2/repository/jakarta/inject/jakarta.inject-api/2.0.1/jakarta.inject-api-2.0.1.jar:/Users/optimus-prime/.m2/repository/org/antlr/antlr4-runtime/4.10.1/antlr4-runtime-4.10.1.jar:/Users/optimus-prime/.m2/repository/org/springframework/data/spring-data-jpa/3.1.1-SNAPSHOT/spring-data-jpa-3.1.1-SNAPSHOT.jar:/Users/optimus-prime/.m2/repository/org/springframework/data/spring-data-commons/3.1.1-SNAPSHOT/spring-data-commons-3.1.1-SNAPSHOT.jar:/Users/optimus-prime/.m2/repository/org/springframework/spring-orm/6.0.10-SNAPSHOT/spring-orm-6.0.10-SNAPSHOT.jar:/Users/optimus-prime/.m2/repository/org/springframework/spring-context/6.0.10-SNAPSHOT/spring-context-6.0.10-SNAPSHOT.jar:/Users/optimus-prime/.m2/repository/org/springframework/spring-tx/6.0.10-SNAPSHOT/spring-tx-6.0.10-SNAPSHOT.jar:/Users/optimus-prime/.m2/repository/org/springframework/spring-beans/6.0.10-SNAPSHOT/spring-beans-6.0.10-SNAPSHOT.jar:/Users/optimus-prime/.m2/repository/jakarta/annotation/jakarta.annotation-api/2.1.1/jakarta.annotation-api-2.1.1.jar:/Users/optimus-prime/.m2/repository/org/slf4j/slf4j-api/2.0.7/slf4j-api-2.0.7.jar:/Users/optimus-prime/.m2/repository/org/springframework/spring-aspects/6.0.10-SNAPSHOT/spring-aspects-6.0.10-SNAPSHOT.jar:/Users/optimus-prime/.m2/repository/org/springframework/boot/spring-boot-starter-web/3.1.1-SNAPSHOT/spring-boot-starter-web-3.1.1-SNAPSHOT.jar:/Users/optimus-prime/.m2/repository/org/springframework/boot/spring-boot-starter/3.1.1-SNAPSHOT/spring-boot-starter-3.1.1-SNAPSHOT.jar:/Users/optimus-prime/.m2/repository/org/springframework/boot/spring-boot-starter-logging/3.1.1-SNAPSHOT/spring-boot-starter-logging-3.1.1-SNAPSHOT.jar:/Users/optimus-prime/.m2/repository/ch/qos/logback/logback-classic/1.4.7/logback-classic-1.4.7.jar:/Users/optimus-prime/.m2/repository/ch/qos/logback/logback-core/1.4.7/logback-core-1.4.7.jar:/Users/optimus-prime/.m2/repository/org/apache/logging/log4j/log4j-to-slf4j/2.20.0/log4j-to-slf4j-2.20.0.jar:/Users/optimus-prime/.m2/repository/org/apache/logging/log4j/log4j-api/2.20.0/log4j-api-2.20.0.jar:/Users/optimus-prime/.m2/repository/org/slf4j/jul-to-slf4j/2.0.7/jul-to-slf4j-2.0.7.jar:/Users/optimus-prime/.m2/repository/org/yaml/snakeyaml/1.33/snakeyaml-1.33.jar:/Users/optimus-prime/.m2/repository/org/springframework/boot/spring-boot-starter-json/3.1.1-SNAPSHOT/spring-boot-starter-json-3.1.1-SNAPSHOT.jar:/Users/optimus-prime/.m2/repository/com/fasterxml/jackson/datatype/jackson-datatype-jdk8/2.15.2/jackson-datatype-jdk8-2.15.2.jar:/Users/optimus-prime/.m2/repository/com/fasterxml/jackson/datatype/jackson-datatype-jsr310/2.15.2/jackson-datatype-jsr310-2.15.2.jar:/Users/optimus-prime/.m2/repository/com/fasterxml/jackson/module/jackson-module-parameter-names/2.15.2/jackson-module-parameter-names-2.15.2.jar:/Users/optimus-prime/.m2/repository/org/springframework/boot/spring-boot-starter-tomcat/3.1.1-SNAPSHOT/spring-boot-starter-tomcat-3.1.1-SNAPSHOT.jar:/Users/optimus-prime/.m2/repository/org/apache/tomcat/embed/tomcat-embed-core/10.1.9/tomcat-embed-core-10.1.9.jar:/Users/optimus-prime/.m2/repository/org/apache/tomcat/embed/tomcat-embed-el/10.1.9/tomcat-embed-el-10.1.9.jar:/Users/optimus-prime/.m2/repository/org/apache/tomcat/embed/tomcat-embed-websocket/10.1.9/tomcat-embed-websocket-10.1.9.jar:/Users/optimus-prime/.m2/repository/org/springframework/spring-web/6.0.10-SNAPSHOT/spring-web-6.0.10-SNAPSHOT.jar:/Users/optimus-prime/.m2/repository/io/micrometer/micrometer-observation/1.11.1-SNAPSHOT/micrometer-observation-1.11.1-SNAPSHOT.jar:/Users/optimus-prime/.m2/repository/io/micrometer/micrometer-commons/1.11.1-SNAPSHOT/micrometer-commons-1.11.1-SNAPSHOT.jar:/Users/optimus-prime/.m2/repository/org/springframework/spring-webmvc/6.0.10-SNAPSHOT/spring-webmvc-6.0.10-SNAPSHOT.jar:/Users/optimus-prime/.m2/repository/org/springframework/spring-expression/6.0.10-SNAPSHOT/spring-expression-6.0.10-SNAPSHOT.jar:/Users/optimus-prime/.m2/repository/org/springframework/boot/spring-boot-starter-security/3.1.1-SNAPSHOT/spring-boot-starter-security-3.1.1-SNAPSHOT.jar:/Users/optimus-prime/.m2/repository/org/springframework/spring-aop/6.0.10-SNAPSHOT/spring-aop-6.0.10-SNAPSHOT.jar:/Users/optimus-prime/.m2/repository/org/springframework/security/spring-security-config/6.1.1-SNAPSHOT/spring-security-config-6.1.1-SNAPSHOT.jar:/Users/optimus-prime/.m2/repository/org/springframework/security/spring-security-core/6.1.1-SNAPSHOT/spring-security-core-6.1.1-SNAPSHOT.jar:/Users/optimus-prime/.m2/repository/org/springframework/security/spring-security-crypto/6.1.1-SNAPSHOT/spring-security-crypto-6.1.1-SNAPSHOT.jar:/Users/optimus-prime/.m2/repository/org/springframework/security/spring-security-web/6.1.1-SNAPSHOT/spring-security-web-6.1.1-SNAPSHOT.jar:/Users/optimus-prime/.m2/repository/io/jsonwebtoken/jjwt-api/0.11.2/jjwt-api-0.11.2.jar:/Users/optimus-prime/.m2/repository/io/jsonwebtoken/jjwt-impl/0.11.2/jjwt-impl-0.11.2.jar:/Users/optimus-prime/.m2/repository/io/jsonwebtoken/jjwt-jackson/0.11.2/jjwt-jackson-0.11.2.jar:/Users/optimus-prime/.m2/repository/com/fasterxml/jackson/core/jackson-databind/2.15.2/jackson-databind-2.15.2.jar:/Users/optimus-prime/.m2/repository/com/fasterxml/jackson/core/jackson-annotations/2.15.2/jackson-annotations-2.15.2.jar:/Users/optimus-prime/.m2/repository/com/fasterxml/jackson/core/jackson-core/2.15.2/jackson-core-2.15.2.jar:/Users/optimus-prime/.m2/repository/org/postgresql/postgresql/42.6.0/postgresql-42.6.0.jar:/Users/optimus-prime/.m2/repository/org/checkerframework/checker-qual/3.31.0/checker-qual-3.31.0.jar:/Users/optimus-prime/.m2/repository/org/springframework/boot/spring-boot-devtools/3.1.1-SNAPSHOT/spring-boot-devtools-3.1.1-SNAPSHOT.jar:/Users/optimus-prime/.m2/repository/org/springframework/boot/spring-boot/3.1.1-SNAPSHOT/spring-boot-3.1.1-SNAPSHOT.jar:/Users/optimus-prime/.m2/repository/org/springframework/boot/spring-boot-autoconfigure/3.1.1-SNAPSHOT/spring-boot-autoconfigure-3.1.1-SNAPSHOT.jar:/Users/optimus-prime/.m2/repository/org/projectlombok/lombok/1.18.28/lombok-1.18.28.jar:/Users/optimus-prime/.m2/repository/org/springframework/boot/spring-boot-starter-test/3.1.1-SNAPSHOT/spring-boot-starter-test-3.1.1-SNAPSHOT.jar:/Users/optimus-prime/.m2/repository/org/springframework/boot/spring-boot-test/3.1.1-SNAPSHOT/spring-boot-test-3.1.1-SNAPSHOT.jar:/Users/optimus-prime/.m2/repository/org/springframework/boot/spring-boot-test-autoconfigure/3.1.1-SNAPSHOT/spring-boot-test-autoconfigure-3.1.1-SNAPSHOT.jar:/Users/optimus-prime/.m2/repository/com/jayway/jsonpath/json-path/2.8.0/json-path-2.8.0.jar:/Users/optimus-prime/.m2/repository/jakarta/xml/bind/jakarta.xml.bind-api/4.0.0/jakarta.xml.bind-api-4.0.0.jar:/Users/optimus-prime/.m2/repository/jakarta/activation/jakarta.activation-api/2.1.2/jakarta.activation-api-2.1.2.jar:/Users/optimus-prime/.m2/repository/net/minidev/json-smart/2.4.11/json-smart-2.4.11.jar:/Users/optimus-prime/.m2/repository/net/minidev/accessors-smart/2.4.11/accessors-smart-2.4.11.jar:/Users/optimus-prime/.m2/repository/org/ow2/asm/asm/9.3/asm-9.3.jar:/Users/optimus-prime/.m2/repository/org/assertj/assertj-core/3.24.2/assertj-core-3.24.2.jar:/Users/optimus-prime/.m2/repository/org/hamcrest/hamcrest/2.2/hamcrest-2.2.jar:/Users/optimus-prime/.m2/repository/org/junit/jupiter/junit-jupiter/5.9.3/junit-jupiter-5.9.3.jar:/Users/optimus-prime/.m2/repository/org/junit/jupiter/junit-jupiter-api/5.9.3/junit-jupiter-api-5.9.3.jar:/Users/optimus-prime/.m2/repository/org/opentest4j/opentest4j/1.2.0/opentest4j-1.2.0.jar:/Users/optimus-prime/.m2/repository/org/junit/platform/junit-platform-commons/1.9.3/junit-platform-commons-1.9.3.jar:/Users/optimus-prime/.m2/repository/org/apiguardian/apiguardian-api/1.1.2/apiguardian-api-1.1.2.jar:/Users/optimus-prime/.m2/repository/org/junit/jupiter/junit-jupiter-params/5.9.3/junit-jupiter-params-5.9.3.jar:/Users/optimus-prime/.m2/repository/org/junit/jupiter/junit-jupiter-engine/5.9.3/junit-jupiter-engine-5.9.3.jar:/Users/optimus-prime/.m2/repository/org/junit/platform/junit-platform-engine/1.9.3/junit-platform-engine-1.9.3.jar:/Users/optimus-prime/.m2/repository/org/mockito/mockito-core/5.3.1/mockito-core-5.3.1.jar:/Users/optimus-prime/.m2/repository/net/bytebuddy/byte-buddy-agent/1.14.5/byte-buddy-agent-1.14.5.jar:/Users/optimus-prime/.m2/repository/org/objenesis/objenesis/3.3/objenesis-3.3.jar:/Users/optimus-prime/.m2/repository/org/mockito/mockito-junit-jupiter/5.3.1/mockito-junit-jupiter-5.3.1.jar:/Users/optimus-prime/.m2/repository/org/skyscreamer/jsonassert/1.5.1/jsonassert-1.5.1.jar:/Users/optimus-prime/.m2/repository/com/vaadin/external/google/android-json/0.0.20131108.vaadin1/android-json-0.0.20131108.vaadin1.jar:/Users/optimus-prime/.m2/repository/org/springframework/spring-core/6.0.10-SNAPSHOT/spring-core-6.0.10-SNAPSHOT.jar:/Users/optimus-prime/.m2/repository/org/springframework/spring-jcl/6.0.10-SNAPSHOT/spring-jcl-6.0.10-SNAPSHOT.jar:/Users/optimus-prime/.m2/repository/org/springframework/spring-test/6.0.10-SNAPSHOT/spring-test-6.0.10-SNAPSHOT.jar:/Users/optimus-prime/.m2/repository/org/xmlunit/xmlunit-core/2.9.1/xmlunit-core-2.9.1.jar:"/>
    <property name="java.vm.vendor" value="Oracle Corporation"/>
    <property name="sun.arch.data.model" value="64"/>
    <property name="java.vendor.url" value="https://java.oracle.com/"/>
    <property name="user.timezone" value="Africa/Nairobi"/>
    <property name="org.jboss.logging.provider" value="slf4j"/>
    <property name="os.name" value="Mac OS X"/>
    <property name="java.vm.specification.version" value="18"/>
    <property name="sun.java.launcher" value="SUN_STANDARD"/>
    <property name="user.country" value="KE"/>
    <property name="sun.boot.library.path" value="/Users/optimus-prime/Library/Java/JavaVirtualMachines/openjdk-18.0.2/Contents/Home/lib"/>
    <property name="sun.java.command" value="/Users/optimus-prime/Optimus/projects/card/target/surefire/surefirebooter-20230612222232445_3.jar /Users/optimus-prime/Optimus/projects/card/target/surefire 2023-06-12T22-22-32_285-jvmRun1 surefire-20230612222232445_1tmp surefire_0-20230612222232445_2tmp"/>
    <property name="http.nonProxyHosts" value="local|*.local|169.254/16|*.169.254/16"/>
    <property name="jdk.debug" value="release"/>
    <property name="surefire.test.class.path" value="/Users/optimus-prime/Optimus/projects/card/target/test-classes:/Users/optimus-prime/Optimus/projects/card/target/classes:/Users/optimus-prime/.m2/repository/org/springframework/boot/spring-boot-starter-data-jpa/3.1.1-SNAPSHOT/spring-boot-starter-data-jpa-3.1.1-SNAPSHOT.jar:/Users/optimus-prime/.m2/repository/org/springframework/boot/spring-boot-starter-aop/3.1.1-SNAPSHOT/spring-boot-starter-aop-3.1.1-SNAPSHOT.jar:/Users/optimus-prime/.m2/repository/org/aspectj/aspectjweaver/1.9.19/aspectjweaver-1.9.19.jar:/Users/optimus-prime/.m2/repository/org/springframework/boot/spring-boot-starter-jdbc/3.1.1-SNAPSHOT/spring-boot-starter-jdbc-3.1.1-SNAPSHOT.jar:/Users/optimus-prime/.m2/repository/com/zaxxer/HikariCP/5.0.1/HikariCP-5.0.1.jar:/Users/optimus-prime/.m2/repository/org/springframework/spring-jdbc/6.0.10-SNAPSHOT/spring-jdbc-6.0.10-SNAPSHOT.jar:/Users/optimus-prime/.m2/repository/org/hibernate/orm/hibernate-core/6.2.4.Final/hibernate-core-6.2.4.Final.jar:/Users/optimus-prime/.m2/repository/jakarta/persistence/jakarta.persistence-api/3.1.0/jakarta.persistence-api-3.1.0.jar:/Users/optimus-prime/.m2/repository/jakarta/transaction/jakarta.transaction-api/2.0.1/jakarta.transaction-api-2.0.1.jar:/Users/optimus-prime/.m2/repository/org/jboss/logging/jboss-logging/3.5.1.Final/jboss-logging-3.5.1.Final.jar:/Users/optimus-prime/.m2/repository/org/hibernate/common/hibernate-commons-annotations/6.0.6.Final/hibernate-commons-annotations-6.0.6.Final.jar:/Users/optimus-prime/.m2/repository/io/smallrye/jandex/3.0.5/jandex-3.0.5.jar:/Users/optimus-prime/.m2/repository/com/fasterxml/classmate/1.5.1/classmate-1.5.1.jar:/Users/optimus-prime/.m2/repository/net/bytebuddy/byte-buddy/1.14.5/byte-buddy-1.14.5.jar:/Users/optimus-prime/.m2/repository/org/glassfish/jaxb/jaxb-runtime/4.0.3/jaxb-runtime-4.0.3.jar:/Users/optimus-prime/.m2/repository/org/glassfish/jaxb/jaxb-core/4.0.3/jaxb-core-4.0.3.jar:/Users/optimus-prime/.m2/repository/org/eclipse/angus/angus-activation/2.0.1/angus-activation-2.0.1.jar:/Users/optimus-prime/.m2/repository/org/glassfish/jaxb/txw2/4.0.3/txw2-4.0.3.jar:/Users/optimus-prime/.m2/repository/com/sun/istack/istack-commons-runtime/4.1.2/istack-commons-runtime-4.1.2.jar:/Users/optimus-prime/.m2/repository/jakarta/inject/jakarta.inject-api/2.0.1/jakarta.inject-api-2.0.1.jar:/Users/optimus-prime/.m2/repository/org/antlr/antlr4-runtime/4.10.1/antlr4-runtime-4.10.1.jar:/Users/optimus-prime/.m2/repository/org/springframework/data/spring-data-jpa/3.1.1-SNAPSHOT/spring-data-jpa-3.1.1-SNAPSHOT.jar:/Users/optimus-prime/.m2/repository/org/springframework/data/spring-data-commons/3.1.1-SNAPSHOT/spring-data-commons-3.1.1-SNAPSHOT.jar:/Users/optimus-prime/.m2/repository/org/springframework/spring-orm/6.0.10-SNAPSHOT/spring-orm-6.0.10-SNAPSHOT.jar:/Users/optimus-prime/.m2/repository/org/springframework/spring-context/6.0.10-SNAPSHOT/spring-context-6.0.10-SNAPSHOT.jar:/Users/optimus-prime/.m2/repository/org/springframework/spring-tx/6.0.10-SNAPSHOT/spring-tx-6.0.10-SNAPSHOT.jar:/Users/optimus-prime/.m2/repository/org/springframework/spring-beans/6.0.10-SNAPSHOT/spring-beans-6.0.10-SNAPSHOT.jar:/Users/optimus-prime/.m2/repository/jakarta/annotation/jakarta.annotation-api/2.1.1/jakarta.annotation-api-2.1.1.jar:/Users/optimus-prime/.m2/repository/org/slf4j/slf4j-api/2.0.7/slf4j-api-2.0.7.jar:/Users/optimus-prime/.m2/repository/org/springframework/spring-aspects/6.0.10-SNAPSHOT/spring-aspects-6.0.10-SNAPSHOT.jar:/Users/optimus-prime/.m2/repository/org/springframework/boot/spring-boot-starter-web/3.1.1-SNAPSHOT/spring-boot-starter-web-3.1.1-SNAPSHOT.jar:/Users/optimus-prime/.m2/repository/org/springframework/boot/spring-boot-starter/3.1.1-SNAPSHOT/spring-boot-starter-3.1.1-SNAPSHOT.jar:/Users/optimus-prime/.m2/repository/org/springframework/boot/spring-boot-starter-logging/3.1.1-SNAPSHOT/spring-boot-starter-logging-3.1.1-SNAPSHOT.jar:/Users/optimus-prime/.m2/repository/ch/qos/logback/logback-classic/1.4.7/logback-classic-1.4.7.jar:/Users/optimus-prime/.m2/repository/ch/qos/logback/logback-core/1.4.7/logback-core-1.4.7.jar:/Users/optimus-prime/.m2/repository/org/apache/logging/log4j/log4j-to-slf4j/2.20.0/log4j-to-slf4j-2.20.0.jar:/Users/optimus-prime/.m2/repository/org/apache/logging/log4j/log4j-api/2.20.0/log4j-api-2.20.0.jar:/Users/optimus-prime/.m2/repository/org/slf4j/jul-to-slf4j/2.0.7/jul-to-slf4j-2.0.7.jar:/Users/optimus-prime/.m2/repository/org/yaml/snakeyaml/1.33/snakeyaml-1.33.jar:/Users/optimus-prime/.m2/repository/org/springframework/boot/spring-boot-starter-json/3.1.1-SNAPSHOT/spring-boot-starter-json-3.1.1-SNAPSHOT.jar:/Users/optimus-prime/.m2/repository/com/fasterxml/jackson/datatype/jackson-datatype-jdk8/2.15.2/jackson-datatype-jdk8-2.15.2.jar:/Users/optimus-prime/.m2/repository/com/fasterxml/jackson/datatype/jackson-datatype-jsr310/2.15.2/jackson-datatype-jsr310-2.15.2.jar:/Users/optimus-prime/.m2/repository/com/fasterxml/jackson/module/jackson-module-parameter-names/2.15.2/jackson-module-parameter-names-2.15.2.jar:/Users/optimus-prime/.m2/repository/org/springframework/boot/spring-boot-starter-tomcat/3.1.1-SNAPSHOT/spring-boot-starter-tomcat-3.1.1-SNAPSHOT.jar:/Users/optimus-prime/.m2/repository/org/apache/tomcat/embed/tomcat-embed-core/10.1.9/tomcat-embed-core-10.1.9.jar:/Users/optimus-prime/.m2/repository/org/apache/tomcat/embed/tomcat-embed-el/10.1.9/tomcat-embed-el-10.1.9.jar:/Users/optimus-prime/.m2/repository/org/apache/tomcat/embed/tomcat-embed-websocket/10.1.9/tomcat-embed-websocket-10.1.9.jar:/Users/optimus-prime/.m2/repository/org/springframework/spring-web/6.0.10-SNAPSHOT/spring-web-6.0.10-SNAPSHOT.jar:/Users/optimus-prime/.m2/repository/io/micrometer/micrometer-observation/1.11.1-SNAPSHOT/micrometer-observation-1.11.1-SNAPSHOT.jar:/Users/optimus-prime/.m2/repository/io/micrometer/micrometer-commons/1.11.1-SNAPSHOT/micrometer-commons-1.11.1-SNAPSHOT.jar:/Users/optimus-prime/.m2/repository/org/springframework/spring-webmvc/6.0.10-SNAPSHOT/spring-webmvc-6.0.10-SNAPSHOT.jar:/Users/optimus-prime/.m2/repository/org/springframework/spring-expression/6.0.10-SNAPSHOT/spring-expression-6.0.10-SNAPSHOT.jar:/Users/optimus-prime/.m2/repository/org/springframework/boot/spring-boot-starter-security/3.1.1-SNAPSHOT/spring-boot-starter-security-3.1.1-SNAPSHOT.jar:/Users/optimus-prime/.m2/repository/org/springframework/spring-aop/6.0.10-SNAPSHOT/spring-aop-6.0.10-SNAPSHOT.jar:/Users/optimus-prime/.m2/repository/org/springframework/security/spring-security-config/6.1.1-SNAPSHOT/spring-security-config-6.1.1-SNAPSHOT.jar:/Users/optimus-prime/.m2/repository/org/springframework/security/spring-security-core/6.1.1-SNAPSHOT/spring-security-core-6.1.1-SNAPSHOT.jar:/Users/optimus-prime/.m2/repository/org/springframework/security/spring-security-crypto/6.1.1-SNAPSHOT/spring-security-crypto-6.1.1-SNAPSHOT.jar:/Users/optimus-prime/.m2/repository/org/springframework/security/spring-security-web/6.1.1-SNAPSHOT/spring-security-web-6.1.1-SNAPSHOT.jar:/Users/optimus-prime/.m2/repository/io/jsonwebtoken/jjwt-api/0.11.2/jjwt-api-0.11.2.jar:/Users/optimus-prime/.m2/repository/io/jsonwebtoken/jjwt-impl/0.11.2/jjwt-impl-0.11.2.jar:/Users/optimus-prime/.m2/repository/io/jsonwebtoken/jjwt-jackson/0.11.2/jjwt-jackson-0.11.2.jar:/Users/optimus-prime/.m2/repository/com/fasterxml/jackson/core/jackson-databind/2.15.2/jackson-databind-2.15.2.jar:/Users/optimus-prime/.m2/repository/com/fasterxml/jackson/core/jackson-annotations/2.15.2/jackson-annotations-2.15.2.jar:/Users/optimus-prime/.m2/repository/com/fasterxml/jackson/core/jackson-core/2.15.2/jackson-core-2.15.2.jar:/Users/optimus-prime/.m2/repository/org/postgresql/postgresql/42.6.0/postgresql-42.6.0.jar:/Users/optimus-prime/.m2/repository/org/checkerframework/checker-qual/3.31.0/checker-qual-3.31.0.jar:/Users/optimus-prime/.m2/repository/org/springframework/boot/spring-boot-devtools/3.1.1-SNAPSHOT/spring-boot-devtools-3.1.1-SNAPSHOT.jar:/Users/optimus-prime/.m2/repository/org/springframework/boot/spring-boot/3.1.1-SNAPSHOT/spring-boot-3.1.1-SNAPSHOT.jar:/Users/optimus-prime/.m2/repository/org/springframework/boot/spring-boot-autoconfigure/3.1.1-SNAPSHOT/spring-boot-autoconfigure-3.1.1-SNAPSHOT.jar:/Users/optimus-prime/.m2/repository/org/projectlombok/lombok/1.18.28/lombok-1.18.28.jar:/Users/optimus-prime/.m2/repository/org/springframework/boot/spring-boot-starter-test/3.1.1-SNAPSHOT/spring-boot-starter-test-3.1.1-SNAPSHOT.jar:/Users/optimus-prime/.m2/repository/org/springframework/boot/spring-boot-test/3.1.1-SNAPSHOT/spring-boot-test-3.1.1-SNAPSHOT.jar:/Users/optimus-prime/.m2/repository/org/springframework/boot/spring-boot-test-autoconfigure/3.1.1-SNAPSHOT/spring-boot-test-autoconfigure-3.1.1-SNAPSHOT.jar:/Users/optimus-prime/.m2/repository/com/jayway/jsonpath/json-path/2.8.0/json-path-2.8.0.jar:/Users/optimus-prime/.m2/repository/jakarta/xml/bind/jakarta.xml.bind-api/4.0.0/jakarta.xml.bind-api-4.0.0.jar:/Users/optimus-prime/.m2/repository/jakarta/activation/jakarta.activation-api/2.1.2/jakarta.activation-api-2.1.2.jar:/Users/optimus-prime/.m2/repository/net/minidev/json-smart/2.4.11/json-smart-2.4.11.jar:/Users/optimus-prime/.m2/repository/net/minidev/accessors-smart/2.4.11/accessors-smart-2.4.11.jar:/Users/optimus-prime/.m2/repository/org/ow2/asm/asm/9.3/asm-9.3.jar:/Users/optimus-prime/.m2/repository/org/assertj/assertj-core/3.24.2/assertj-core-3.24.2.jar:/Users/optimus-prime/.m2/repository/org/hamcrest/hamcrest/2.2/hamcrest-2.2.jar:/Users/optimus-prime/.m2/repository/org/junit/jupiter/junit-jupiter/5.9.3/junit-jupiter-5.9.3.jar:/Users/optimus-prime/.m2/repository/org/junit/jupiter/junit-jupiter-api/5.9.3/junit-jupiter-api-5.9.3.jar:/Users/optimus-prime/.m2/repository/org/opentest4j/opentest4j/1.2.0/opentest4j-1.2.0.jar:/Users/optimus-prime/.m2/repository/org/junit/platform/junit-platform-commons/1.9.3/junit-platform-commons-1.9.3.jar:/Users/optimus-prime/.m2/repository/org/apiguardian/apiguardian-api/1.1.2/apiguardian-api-1.1.2.jar:/Users/optimus-prime/.m2/repository/org/junit/jupiter/junit-jupiter-params/5.9.3/junit-jupiter-params-5.9.3.jar:/Users/optimus-prime/.m2/repository/org/junit/jupiter/junit-jupiter-engine/5.9.3/junit-jupiter-engine-5.9.3.jar:/Users/optimus-prime/.m2/repository/org/junit/platform/junit-platform-engine/1.9.3/junit-platform-engine-1.9.3.jar:/Users/optimus-prime/.m2/repository/org/mockito/mockito-core/5.3.1/mockito-core-5.3.1.jar:/Users/optimus-prime/.m2/repository/net/bytebuddy/byte-buddy-agent/1.14.5/byte-buddy-agent-1.14.5.jar:/Users/optimus-prime/.m2/repository/org/objenesis/objenesis/3.3/objenesis-3.3.jar:/Users/optimus-prime/.m2/repository/org/mockito/mockito-junit-jupiter/5.3.1/mockito-junit-jupiter-5.3.1.jar:/Users/optimus-prime/.m2/repository/org/skyscreamer/jsonassert/1.5.1/jsonassert-1.5.1.jar:/Users/optimus-prime/.m2/repository/com/vaadin/external/google/android-json/0.0.20131108.vaadin1/android-json-0.0.20131108.vaadin1.jar:/Users/optimus-prime/.m2/repository/org/springframework/spring-core/6.0.10-SNAPSHOT/spring-core-6.0.10-SNAPSHOT.jar:/Users/optimus-prime/.m2/repository/org/springframework/spring-jcl/6.0.10-SNAPSHOT/spring-jcl-6.0.10-SNAPSHOT.jar:/Users/optimus-prime/.m2/repository/org/springframework/spring-test/6.0.10-SNAPSHOT/spring-test-6.0.10-SNAPSHOT.jar:/Users/optimus-prime/.m2/repository/org/xmlunit/xmlunit-core/2.9.1/xmlunit-core-2.9.1.jar:"/>
    <property name="sun.cpu.endian" value="little"/>
    <property name="user.home" value="/Users/optimus-prime"/>
    <property name="user.language" value="en"/>
    <property name="java.specification.vendor" value="Oracle Corporation"/>
    <property name="java.version.date" value="2022-07-19"/>
    <property name="java.home" value="/Users/optimus-prime/Library/Java/JavaVirtualMachines/openjdk-18.0.2/Contents/Home"/>
    <property name="file.separator" value="/"/>
    <property name="basedir" value="/Users/optimus-prime/Optimus/projects/card"/>
    <property name="java.vm.compressedOopsMode" value="Zero based"/>
    <property name="line.separator" value="&#10;"/>
    <property name="java.vm.specification.vendor" value="Oracle Corporation"/>
    <property name="java.specification.name" value="Java Platform API Specification"/>
    <property name="FILE_LOG_CHARSET" value="UTF-8"/>
    <property name="java.awt.headless" value="true"/>
    <property name="apple.awt.application.name" value="ForkedBooter"/>
    <property name="surefire.real.class.path" value="/Users/optimus-prime/Optimus/projects/card/target/surefire/surefirebooter-20230612222232445_3.jar"/>
    <property name="sun.management.compiler" value="HotSpot 64-Bit Tiered Compilers"/>
    <property name="ftp.nonProxyHosts" value="local|*.local|169.254/16|*.169.254/16"/>
    <property name="java.runtime.version" value="18.0.2+9-61"/>
    <property name="user.name" value="optimus-prime"/>
    <property name="path.separator" value=":"/>
    <property name="os.version" value="13.3.1"/>
    <property name="java.runtime.name" value="OpenJDK Runtime Environment"/>
    <property name="file.encoding" value="UTF-8"/>
    <property name="java.vm.name" value="OpenJDK 64-Bit Server VM"/>
    <property name="localRepository" value="/Users/optimus-prime/.m2/repository"/>
    <property name="java.vendor.url.bug" value="https://bugreport.java.com/bugreport/"/>
    <property name="java.io.tmpdir" value="/var/folders/bh/7cqbbzqn6ys_rv93mnzqf_tw0000gn/T/"/>
    <property name="com.zaxxer.hikari.pool_number" value="1"/>
    <property name="java.version" value="18.0.2"/>
    <property name="user.dir" value="/Users/optimus-prime/Optimus/projects/card"/>
    <property name="os.arch" value="x86_64"/>
    <property name="java.vm.specification.name" value="Java Virtual Machine Specification"/>
    <property name="PID" value="1273"/>
    <property name="CONSOLE_LOG_CHARSET" value="UTF-8"/>
    <property name="native.encoding" value="US-ASCII"/>
    <property name="java.library.path" value="/Users/optimus-prime/Library/Java/Extensions:/Library/Java/Extensions:/Network/Library/Java/Extensions:/System/Library/Java/Extensions:/usr/lib/java:."/>
    <property name="java.vm.info" value="mixed mode, sharing"/>
    <property name="java.vendor" value="Oracle Corporation"/>
    <property name="java.vm.version" value="18.0.2+9-61"/>
    <property name="sun.io.unicode.encoding" value="UnicodeBig"/>
    <property name="socksNonProxyHosts" value="local|*.local|169.254/16|*.169.254/16"/>
    <property name="java.class.version" value="62.0"/>
  </properties>
  <testcase name="contextLoads" classname="com.example.card.CardApplicationTests" time="1.05">
    <system-out><![CDATA[22:22:34.044 [main] INFO org.springframework.test.context.support.AnnotationConfigContextLoaderUtils -- Could not detect default configuration classes for test class [com.example.card.CardApplicationTests]: CardApplicationTests does not declare any static, non-private, non-final, nested classes annotated with @Configuration.
22:22:34.264 [main] INFO org.springframework.boot.test.context.SpringBootTestContextBootstrapper -- Found @SpringBootConfiguration com.example.card.CardApplication for test class com.example.card.CardApplicationTests

  .   ____          _            __ _ _
 /\\ / ___'_ __ _ _(_)_ __  __ _ \ \ \ \
( ( )\___ | '_ | '_| | '_ \/ _` | \ \ \ \
 \\/  ___)| |_)| | | | | || (_| |  ) ) ) )
  '  |____| .__|_| |_|_| |_\__, | / / / /
 =========|_|==============|___/=/_/_/_/
 :: Spring Boot ::       (v3.1.1-SNAPSHOT)

2023-06-12T22:22:35.093+03:00  INFO 1273 --- [           main] com.example.card.CardApplicationTests    : Starting CardApplicationTests using Java 18.0.2 with PID 1273 (started by optimus-prime in /Users/optimus-prime/Optimus/projects/card)
2023-06-12T22:22:35.095+03:00  INFO 1273 --- [           main] com.example.card.CardApplicationTests    : No active profile set, falling back to 1 default profile: "default"
2023-06-12T22:22:36.858+03:00  INFO 1273 --- [           main] .s.d.r.c.RepositoryConfigurationDelegate : Bootstrapping Spring Data JPA repositories in DEFAULT mode.
2023-06-12T22:22:36.970+03:00  INFO 1273 --- [           main] .s.d.r.c.RepositoryConfigurationDelegate : Finished Spring Data repository scanning in 103 ms. Found 2 JPA repository interfaces.
2023-06-12T22:22:38.513+03:00  INFO 1273 --- [           main] o.hibernate.jpa.internal.util.LogHelper  : HHH000204: Processing PersistenceUnitInfo [name: default]
2023-06-12T22:22:38.584+03:00  INFO 1273 --- [           main] org.hibernate.Version                    : HHH000412: Hibernate ORM core version 6.2.4.Final
2023-06-12T22:22:38.588+03:00  INFO 1273 --- [           main] org.hibernate.cfg.Environment            : HHH000406: Using bytecode reflection optimizer
2023-06-12T22:22:38.767+03:00  INFO 1273 --- [           main] o.h.b.i.BytecodeProviderInitiator        : HHH000021: Bytecode provider name : bytebuddy
2023-06-12T22:22:38.960+03:00  INFO 1273 --- [           main] o.s.o.j.p.SpringPersistenceUnitInfo      : No LoadTimeWeaver setup: ignoring JPA class transformer
2023-06-12T22:22:38.984+03:00  INFO 1273 --- [           main] com.zaxxer.hikari.HikariDataSource       : HikariPool-1 - Starting...
2023-06-12T22:22:39.165+03:00  INFO 1273 --- [           main] com.zaxxer.hikari.pool.HikariPool        : HikariPool-1 - Added connection org.postgresql.jdbc.PgConnection@7c9beb51
2023-06-12T22:22:39.170+03:00  INFO 1273 --- [           main] com.zaxxer.hikari.HikariDataSource       : HikariPool-1 - Start completed.
2023-06-12T22:22:39.596+03:00  INFO 1273 --- [           main] o.h.b.i.BytecodeProviderInitiator        : HHH000021: Bytecode provider name : bytebuddy
2023-06-12T22:22:40.458+03:00  INFO 1273 --- [           main] o.h.e.t.j.p.i.JtaPlatformInitiator       : HHH000490: Using JtaPlatform implementation: [org.hibernate.engine.transaction.jta.platform.internal.NoJtaPlatform]
2023-06-12T22:22:40.578+03:00  INFO 1273 --- [           main] j.LocalContainerEntityManagerFactoryBean : Initialized JPA EntityManagerFactory for persistence unit 'default'
2023-06-12T22:22:41.556+03:00  WARN 1273 --- [           main] JpaBaseConfiguration$JpaWebConfiguration : spring.jpa.open-in-view is enabled by default. Therefore, database queries may be performed during view rendering. Explicitly configure spring.jpa.open-in-view to disable this warning
2023-06-12T22:22:41.613+03:00  WARN 1273 --- [           main] .s.s.UserDetailsServiceAutoConfiguration : 

Using generated security password: d1eead2e-6894-4681-b0bb-8af422dec57f

This generated password is for development use only. Your security configuration must be updated before running your application in production.

2023-06-12T22:22:42.321+03:00  INFO 1273 --- [           main] o.s.s.web.DefaultSecurityFilterChain     : Will secure any request with [org.springframework.security.web.session.DisableEncodeUrlFilter@37a14aa1, org.springframework.security.web.context.request.async.WebAsyncManagerIntegrationFilter@6ac4f31d, org.springframework.security.web.context.SecurityContextHolderFilter@1a56f608, org.springframework.security.web.header.HeaderWriterFilter@1574f323, org.springframework.security.web.authentication.logout.LogoutFilter@394950ad, org.springframework.security.web.authentication.UsernamePasswordAuthenticationFilter@4b518645, org.springframework.security.web.authentication.ui.DefaultLoginPageGeneratingFilter@69ae7632, org.springframework.security.web.authentication.ui.DefaultLogoutPageGeneratingFilter@106f2425, org.springframework.security.web.savedrequest.RequestCacheAwareFilter@b9c9bf5, org.springframework.security.web.servletapi.SecurityContextHolderAwareRequestFilter@3b399f5a, org.springframework.security.web.authentication.AnonymousAuthenticationFilter@b666366, org.springframework.security.web.access.ExceptionTranslationFilter@498503cb, org.springframework.security.web.access.intercept.FilterSecurityInterceptor@4172c967]
2023-06-12T22:22:43.456+03:00  INFO 1273 --- [           main] com.example.card.CardApplicationTests    : Started CardApplicationTests in 8.956 seconds (process running for 10.874)
]]></system-out>
  </testcase>
</testsuite>